<?xml version="1.0" encoding="UTF-8"?>
<!-- Generated by org.testng.reporters.JUnitXMLReporter -->
<testsuite ignored="0" hostname="Pritam-h17" failures="0" tests="10" name=" YourCart Automation TestCases" time="63.574" errors="0" timestamp="2024-12-10T08:34:50 IST">
  <testcase classname="com.YourCart.testcases.Login" name="LoginwithValidData" time="0.984"/>
  <testcase classname="com.YourCart.testcases.Login" name="LoginwithInValidData" time="1.036"/>
  <testcase classname="com.YourCart.testcases.Login" name="LoginwithInvalidEmail" time="1.091"/>
  <testcase classname="com.YourCart.testcases.Login" name="LoginwithInvalidPassword" time="1.004"/>
  <testcase classname="com.YourCart.testcases.Login" name="LoginWithEmptyFileds" time="0.559"/>
  <testcase classname="com.YourCart.testcases.Search" name="SearchValidProduct" time="0.495"/>
  <testcase classname="com.YourCart.testcases.Search" name="SearchInValidProduct" time="0.445"/>
  <testcase classname="com.YourCart.testcases.Register" name="RegisterwithAllMandatoryFiled" time="0.928"/>
  <testcase classname="com.YourCart.testcases.Register" name="verifyRegisterAccountByProvidingAllfiled" time="1.098"/>
  <testcase classname="com.YourCart.testcases.Register" name="verifyRegisterAccountByexitingemail" time="0.883"/>
</testsuite> <!--  YourCart Automation TestCases -->
