<?xml version="1.0" encoding="UTF-8"?>
<!-- Generated by org.testng.reporters.JUnitXMLReporter -->
<testsuite ignored="0" hostname="Pritam-h17" failures="0" tests="3" name="Default test" time="25.598" errors="0" timestamp="2024-12-10T08:24:03 IST">
  <testcase classname="com.YourCart.testcases.Register" name="RegisterwithAllMandatoryFiled" time="1.103"/>
  <testcase classname="com.YourCart.testcases.Register" name="verifyRegisterAccountByProvidingAllfiled" time="1.17"/>
  <testcase classname="com.YourCart.testcases.Register" name="verifyRegisterAccountByexitingemail" time="0.904"/>
</testsuite> <!-- Default test -->
