<?xml version="1.0" encoding="UTF-8"?>
<!-- Generated by org.testng.reporters.JUnitXMLReporter -->
<testsuite ignored="2" hostname="Pritam-h17" failures="0" tests="1" name="Default test" time="5.061" errors="0" timestamp="2024-12-07T12:07:50 IST">
  <testcase classname="com.YourCart.testcases.Register" name="verifyRegisterAccountByexitingemail" time="1.465"/>
  <testcase classname="com.YourCart.testcases.Register" name="RegisterwithAllMandatoryFiled" time="0.0">
    <ignored/>
  </testcase> <!-- RegisterwithAllMandatoryFiled -->
  <testcase classname="com.YourCart.testcases.Register" name="verifyRegisterAccountByProvidingAllfiled" time="0.0">
    <ignored/>
  </testcase> <!-- verifyRegisterAccountByProvidingAllfiled -->
</testsuite> <!-- Default test -->
